<?xml version="1.0" encoding="UTF-8"?>
<coverage generated="1694452238323" clover="3.2.0">
  <project timestamp="1694452238323" name="All files">
    <metrics statements="58" coveredstatements="50" conditionals="20" coveredconditionals="12" methods="9" coveredmethods="7" elements="87" coveredelements="69" complexity="0" loc="58" ncloc="58" packages="1" files="2" classes="2"/>
    <file name="gameBoard.js" path="/home/imran/repos/battleship-game/gameBoard.js">
      <metrics statements="50" coveredstatements="46" conditionals="18" coveredconditionals="12" methods="6" coveredmethods="6"/>
      <line num="5" count="7" type="stmt"/>
      <line num="6" count="7" type="stmt"/>
      <line num="10" count="7" type="stmt"/>
      <line num="11" count="70" type="stmt"/>
      <line num="12" count="70" type="stmt"/>
      <line num="13" count="700" type="stmt"/>
      <line num="15" count="70" type="stmt"/>
      <line num="20" count="24" type="stmt"/>
      <line num="25" count="24" type="cond" truecount="2" falsecount="0"/>
      <line num="26" count="12" type="stmt"/>
      <line num="27" count="12" type="stmt"/>
      <line num="28" count="12" type="stmt"/>
      <line num="29" count="12" type="stmt"/>
      <line num="31" count="12" type="cond" truecount="1" falsecount="1"/>
      <line num="32" count="12" type="stmt"/>
      <line num="33" count="12" type="stmt"/>
      <line num="34" count="5" type="cond" truecount="1" falsecount="1"/>
      <line num="35" count="0" type="stmt"/>
      <line num="36" count="0" type="stmt"/>
      <line num="41" count="12" type="cond" truecount="1" falsecount="1"/>
      <line num="42" count="12" type="stmt"/>
      <line num="43" count="12" type="stmt"/>
      <line num="44" count="12" type="stmt"/>
      <line num="45" count="12" type="stmt"/>
      <line num="47" count="12" type="cond" truecount="1" falsecount="1"/>
      <line num="48" count="12" type="stmt"/>
      <line num="49" count="12" type="stmt"/>
      <line num="50" count="7" type="cond" truecount="1" falsecount="1"/>
      <line num="51" count="0" type="stmt"/>
      <line num="52" count="0" type="stmt"/>
      <line num="58" count="24" type="stmt"/>
      <line num="62" count="24" type="stmt"/>
      <line num="63" count="24" type="cond" truecount="2" falsecount="0"/>
      <line num="64" count="12" type="stmt"/>
      <line num="65" count="22" type="stmt"/>
      <line num="67" count="12" type="cond" truecount="1" falsecount="1"/>
      <line num="68" count="12" type="stmt"/>
      <line num="69" count="28" type="stmt"/>
      <line num="76" count="2" type="stmt"/>
      <line num="78" count="2" type="stmt"/>
      <line num="79" count="20" type="stmt"/>
      <line num="80" count="20" type="stmt"/>
      <line num="81" count="20" type="stmt"/>
      <line num="87" count="2" type="stmt"/>
      <line num="88" count="2" type="stmt"/>
      <line num="89" count="2" type="stmt"/>
      <line num="90" count="2" type="cond" truecount="2" falsecount="0"/>
      <line num="91" count="1" type="stmt"/>
      <line num="93" count="1" type="stmt"/>
      <line num="96" count="2" type="stmt"/>
    </file>
    <file name="ship.js" path="/home/imran/repos/battleship-game/ship.js">
      <metrics statements="8" coveredstatements="4" conditionals="2" coveredconditionals="0" methods="3" coveredmethods="1"/>
      <line num="3" count="24" type="stmt"/>
      <line num="4" count="24" type="stmt"/>
      <line num="5" count="24" type="stmt"/>
      <line num="6" count="24" type="stmt"/>
      <line num="10" count="0" type="cond" truecount="0" falsecount="2"/>
      <line num="11" count="0" type="stmt"/>
      <line num="13" count="0" type="stmt"/>
      <line num="17" count="0" type="stmt"/>
    </file>
  </project>
</coverage>
