{"/home/imran/repos/battleship-game/gameBoard.js": {"path":"/home/imran/repos/battleship-game/gameBoard.js","statementMap":{"0":{"start":{"line":5,"column":4},"end":{"line":5,"column":25}},"1":{"start":{"line":6,"column":4},"end":{"line":6,"column":20}},"2":{"start":{"line":10,"column":4},"end":{"line":16,"column":5}},"3":{"start":{"line":10,"column":17},"end":{"line":10,"column":18}},"4":{"start":{"line":11,"column":18},"end":{"line":11,"column":20}},"5":{"start":{"line":12,"column":6},"end":{"line":14,"column":7}},"6":{"start":{"line":12,"column":19},"end":{"line":12,"column":20}},"7":{"start":{"line":13,"column":8},"end":{"line":13,"column":26}},"8":{"start":{"line":15,"column":6},"end":{"line":15,"column":27}},"9":{"start":{"line":20,"column":21},"end":{"line":20,"column":26}},"10":{"start":{"line":25,"column":4},"end":{"line":57,"column":5}},"11":{"start":{"line":26,"column":6},"end":{"line":40,"column":7}},"12":{"start":{"line":27,"column":8},"end":{"line":27,"column":45}},"13":{"start":{"line":28,"column":8},"end":{"line":28,"column":57}},"14":{"start":{"line":29,"column":8},"end":{"line":29,"column":36}},"15":{"start":{"line":31,"column":8},"end":{"line":39,"column":9}},"16":{"start":{"line":32,"column":10},"end":{"line":32,"column":28}},"17":{"start":{"line":33,"column":10},"end":{"line":38,"column":11}},"18":{"start":{"line":33,"column":23},"end":{"line":33,"column":24}},"19":{"start":{"line":34,"column":12},"end":{"line":37,"column":13}},"20":{"start":{"line":35,"column":14},"end":{"line":35,"column":33}},"21":{"start":{"line":36,"column":14},"end":{"line":36,"column":20}},"22":{"start":{"line":41,"column":11},"end":{"line":57,"column":5}},"23":{"start":{"line":42,"column":6},"end":{"line":56,"column":7}},"24":{"start":{"line":43,"column":8},"end":{"line":43,"column":57}},"25":{"start":{"line":44,"column":8},"end":{"line":44,"column":45}},"26":{"start":{"line":45,"column":8},"end":{"line":45,"column":36}},"27":{"start":{"line":47,"column":8},"end":{"line":55,"column":9}},"28":{"start":{"line":48,"column":10},"end":{"line":48,"column":28}},"29":{"start":{"line":49,"column":10},"end":{"line":54,"column":11}},"30":{"start":{"line":49,"column":23},"end":{"line":49,"column":24}},"31":{"start":{"line":50,"column":12},"end":{"line":53,"column":13}},"32":{"start":{"line":51,"column":14},"end":{"line":51,"column":33}},"33":{"start":{"line":52,"column":14},"end":{"line":52,"column":20}},"34":{"start":{"line":58,"column":4},"end":{"line":58,"column":22}},"35":{"start":{"line":62,"column":23},"end":{"line":62,"column":68}},"36":{"start":{"line":63,"column":4},"end":{"line":71,"column":5}},"37":{"start":{"line":64,"column":6},"end":{"line":66,"column":7}},"38":{"start":{"line":64,"column":19},"end":{"line":64,"column":20}},"39":{"start":{"line":65,"column":8},"end":{"line":65,"column":45}},"40":{"start":{"line":67,"column":11},"end":{"line":71,"column":5}},"41":{"start":{"line":68,"column":6},"end":{"line":70,"column":7}},"42":{"start":{"line":68,"column":19},"end":{"line":68,"column":20}},"43":{"start":{"line":69,"column":8},"end":{"line":69,"column":45}},"44":{"start":{"line":76,"column":27},"end":{"line":76,"column":37}},"45":{"start":{"line":78,"column":4},"end":{"line":82,"column":7}},"46":{"start":{"line":79,"column":20},"end":{"line":79,"column":49}},"47":{"start":{"line":80,"column":26},"end":{"line":80,"column":47}},"48":{"start":{"line":81,"column":6},"end":{"line":81,"column":40}},"49":{"start":{"line":87,"column":16},"end":{"line":87,"column":27}},"50":{"start":{"line":88,"column":16},"end":{"line":88,"column":27}},"51":{"start":{"line":89,"column":23},"end":{"line":89,"column":43}},"52":{"start":{"line":90,"column":4},"end":{"line":94,"column":5}},"53":{"start":{"line":91,"column":6},"end":{"line":91,"column":38}},"54":{"start":{"line":93,"column":6},"end":{"line":93,"column":35}},"55":{"start":{"line":96,"column":4},"end":{"line":96,"column":22}}},"fnMap":{"0":{"name":"(anonymous_0)","decl":{"start":{"line":4,"column":2},"end":{"line":4,"column":3}},"loc":{"start":{"line":4,"column":16},"end":{"line":7,"column":3}},"line":4},"1":{"name":"(anonymous_1)","decl":{"start":{"line":9,"column":2},"end":{"line":9,"column":3}},"loc":{"start":{"line":9,"column":15},"end":{"line":17,"column":3}},"line":9},"2":{"name":"(anonymous_2)","decl":{"start":{"line":61,"column":2},"end":{"line":61,"column":3}},"loc":{"start":{"line":61,"column":31},"end":{"line":72,"column":3}},"line":61},"3":{"name":"(anonymous_3)","decl":{"start":{"line":74,"column":2},"end":{"line":74,"column":3}},"loc":{"start":{"line":74,"column":22},"end":{"line":83,"column":3}},"line":74},"4":{"name":"(anonymous_4)","decl":{"start":{"line":78,"column":21},"end":{"line":78,"column":22}},"loc":{"start":{"line":78,"column":31},"end":{"line":82,"column":5}},"line":78},"5":{"name":"(anonymous_5)","decl":{"start":{"line":86,"column":2},"end":{"line":86,"column":3}},"loc":{"start":{"line":86,"column":26},"end":{"line":97,"column":3}},"line":86}},"branchMap":{"0":{"loc":{"start":{"line":25,"column":4},"end":{"line":57,"column":5}},"type":"if","locations":[{"start":{"line":25,"column":4},"end":{"line":57,"column":5}},{"start":{"line":41,"column":11},"end":{"line":57,"column":5}}],"line":25},"1":{"loc":{"start":{"line":31,"column":8},"end":{"line":39,"column":9}},"type":"if","locations":[{"start":{"line":31,"column":8},"end":{"line":39,"column":9}},{"start":{},"end":{}}],"line":31},"2":{"loc":{"start":{"line":34,"column":12},"end":{"line":37,"column":13}},"type":"if","locations":[{"start":{"line":34,"column":12},"end":{"line":37,"column":13}},{"start":{},"end":{}}],"line":34},"3":{"loc":{"start":{"line":41,"column":11},"end":{"line":57,"column":5}},"type":"if","locations":[{"start":{"line":41,"column":11},"end":{"line":57,"column":5}},{"start":{},"end":{}}],"line":41},"4":{"loc":{"start":{"line":47,"column":8},"end":{"line":55,"column":9}},"type":"if","locations":[{"start":{"line":47,"column":8},"end":{"line":55,"column":9}},{"start":{},"end":{}}],"line":47},"5":{"loc":{"start":{"line":50,"column":12},"end":{"line":53,"column":13}},"type":"if","locations":[{"start":{"line":50,"column":12},"end":{"line":53,"column":13}},{"start":{},"end":{}}],"line":50},"6":{"loc":{"start":{"line":63,"column":4},"end":{"line":71,"column":5}},"type":"if","locations":[{"start":{"line":63,"column":4},"end":{"line":71,"column":5}},{"start":{"line":67,"column":11},"end":{"line":71,"column":5}}],"line":63},"7":{"loc":{"start":{"line":67,"column":11},"end":{"line":71,"column":5}},"type":"if","locations":[{"start":{"line":67,"column":11},"end":{"line":71,"column":5}},{"start":{},"end":{}}],"line":67},"8":{"loc":{"start":{"line":90,"column":4},"end":{"line":94,"column":5}},"type":"if","locations":[{"start":{"line":90,"column":4},"end":{"line":94,"column":5}},{"start":{"line":92,"column":11},"end":{"line":94,"column":5}}],"line":90}},"s":{"0":7,"1":7,"2":7,"3":7,"4":70,"5":70,"6":70,"7":700,"8":70,"9":24,"10":24,"11":12,"12":12,"13":12,"14":12,"15":12,"16":12,"17":12,"18":12,"19":5,"20":0,"21":0,"22":12,"23":12,"24":12,"25":12,"26":12,"27":12,"28":12,"29":12,"30":12,"31":7,"32":0,"33":0,"34":24,"35":24,"36":24,"37":12,"38":12,"39":22,"40":12,"41":12,"42":12,"43":28,"44":2,"45":2,"46":20,"47":20,"48":20,"49":2,"50":2,"51":2,"52":2,"53":1,"54":1,"55":2},"f":{"0":7,"1":7,"2":24,"3":2,"4":20,"5":2},"b":{"0":[12,12],"1":[12,0],"2":[0,5],"3":[12,0],"4":[12,0],"5":[0,7],"6":[12,12],"7":[12,0],"8":[1,1]},"_coverageSchema":"1a1c01bbd47fc00a2c39e90264f33305004495a9","hash":"e3b17e17224f0e40766efcc37058c591a0cbb2ea"}
,"/home/imran/repos/battleship-game/ship.js": {"path":"/home/imran/repos/battleship-game/ship.js","statementMap":{"0":{"start":{"line":3,"column":4},"end":{"line":3,"column":21}},"1":{"start":{"line":4,"column":4},"end":{"line":4,"column":25}},"2":{"start":{"line":5,"column":4},"end":{"line":5,"column":29}},"3":{"start":{"line":6,"column":4},"end":{"line":6,"column":21}},"4":{"start":{"line":10,"column":4},"end":{"line":12,"column":5}},"5":{"start":{"line":11,"column":6},"end":{"line":11,"column":23}},"6":{"start":{"line":13,"column":4},"end":{"line":13,"column":21}},"7":{"start":{"line":17,"column":4},"end":{"line":17,"column":23}}},"fnMap":{"0":{"name":"(anonymous_0)","decl":{"start":{"line":2,"column":2},"end":{"line":2,"column":3}},"loc":{"start":{"line":2,"column":44},"end":{"line":7,"column":3}},"line":2},"1":{"name":"(anonymous_1)","decl":{"start":{"line":9,"column":2},"end":{"line":9,"column":3}},"loc":{"start":{"line":9,"column":11},"end":{"line":14,"column":3}},"line":9},"2":{"name":"(anonymous_2)","decl":{"start":{"line":16,"column":2},"end":{"line":16,"column":3}},"loc":{"start":{"line":16,"column":8},"end":{"line":18,"column":3}},"line":16}},"branchMap":{"0":{"loc":{"start":{"line":10,"column":4},"end":{"line":12,"column":5}},"type":"if","locations":[{"start":{"line":10,"column":4},"end":{"line":12,"column":5}},{"start":{},"end":{}}],"line":10}},"s":{"0":24,"1":24,"2":24,"3":24,"4":0,"5":0,"6":0,"7":0},"f":{"0":24,"1":0,"2":0},"b":{"0":[0,0]},"_coverageSchema":"1a1c01bbd47fc00a2c39e90264f33305004495a9","hash":"b14ff9abd8ed1b31277de70951ca93944b806757"}
}
