TN:
SF:gameBoard.js
FN:4,(anonymous_0)
FN:9,(anonymous_1)
FN:61,(anonymous_2)
FN:74,(anonymous_3)
FN:78,(anonymous_4)
FN:86,(anonymous_5)
FNF:6
FNH:6
FNDA:7,(anonymous_0)
FNDA:7,(anonymous_1)
FNDA:24,(anonymous_2)
FNDA:2,(anonymous_3)
FNDA:20,(anonymous_4)
FNDA:2,(anonymous_5)
DA:5,7
DA:6,7
DA:10,7
DA:11,70
DA:12,70
DA:13,700
DA:15,70
DA:20,24
DA:25,24
DA:26,12
DA:27,12
DA:28,12
DA:29,12
DA:31,12
DA:32,12
DA:33,12
DA:34,5
DA:35,0
DA:36,0
DA:41,12
DA:42,12
DA:43,12
DA:44,12
DA:45,12
DA:47,12
DA:48,12
DA:49,12
DA:50,7
DA:51,0
DA:52,0
DA:58,24
DA:62,24
DA:63,24
DA:64,12
DA:65,22
DA:67,12
DA:68,12
DA:69,28
DA:76,2
DA:78,2
DA:79,20
DA:80,20
DA:81,20
DA:87,2
DA:88,2
DA:89,2
DA:90,2
DA:91,1
DA:93,1
DA:96,2
LF:50
LH:46
BRDA:25,0,0,12
BRDA:25,0,1,12
BRDA:31,1,0,12
BRDA:31,1,1,0
BRDA:34,2,0,0
BRDA:34,2,1,5
BRDA:41,3,0,12
BRDA:41,3,1,0
BRDA:47,4,0,12
BRDA:47,4,1,0
BRDA:50,5,0,0
BRDA:50,5,1,7
BRDA:63,6,0,12
BRDA:63,6,1,12
BRDA:67,7,0,12
BRDA:67,7,1,0
BRDA:90,8,0,1
BRDA:90,8,1,1
BRF:18
BRH:12
end_of_record
TN:
SF:ship.js
FN:2,(anonymous_0)
FN:9,(anonymous_1)
FN:16,(anonymous_2)
FNF:3
FNH:1
FNDA:24,(anonymous_0)
FNDA:0,(anonymous_1)
FNDA:0,(anonymous_2)
DA:3,24
DA:4,24
DA:5,24
DA:6,24
DA:10,0
DA:11,0
DA:13,0
DA:17,0
LF:8
LH:4
BRDA:10,0,0,0
BRDA:10,0,1,0
BRF:2
BRH:0
end_of_record
