TN:
SF:gameBoard.js
FN:4,(anonymous_0)
FN:9,(anonymous_1)
FN:61,(anonymous_2)
FN:74,(anonymous_3)
FN:102,(anonymous_4)
FNF:5
FNH:5
FNDA:6,(anonymous_0)
FNDA:6,(anonymous_1)
FNDA:14,(anonymous_2)
FNDA:1,(anonymous_3)
FNDA:10,(anonymous_4)
DA:5,6
DA:6,6
DA:10,6
DA:11,60
DA:12,60
DA:13,600
DA:15,60
DA:20,14
DA:25,14
DA:26,6
DA:27,6
DA:28,6
DA:29,6
DA:31,6
DA:32,6
DA:33,6
DA:34,4
DA:35,0
DA:36,0
DA:41,8
DA:42,8
DA:43,10
DA:44,10
DA:45,10
DA:47,10
DA:48,8
DA:49,8
DA:50,4
DA:51,0
DA:52,0
DA:58,14
DA:62,14
DA:63,14
DA:64,6
DA:65,13
DA:67,8
DA:68,8
DA:69,17
DA:76,1
DA:77,1
DA:78,1
DA:79,1
DA:80,1
DA:81,1
DA:82,1
DA:83,1
DA:84,1
DA:85,1
DA:88,1
DA:100,1
DA:102,1
DA:103,10
DA:104,10
DA:105,10
LF:54
LH:50
BRDA:25,0,0,6
BRDA:25,0,1,8
BRDA:31,1,0,6
BRDA:31,1,1,0
BRDA:34,2,0,0
BRDA:34,2,1,4
BRDA:41,3,0,8
BRDA:41,3,1,0
BRDA:47,4,0,8
BRDA:47,4,1,2
BRDA:50,5,0,0
BRDA:50,5,1,4
BRDA:63,6,0,6
BRDA:63,6,1,8
BRDA:67,7,0,8
BRDA:67,7,1,0
BRF:16
BRH:11
end_of_record
TN:
SF:ship.js
FN:2,(anonymous_0)
FN:9,(anonymous_1)
FN:16,(anonymous_2)
FNF:3
FNH:1
FNDA:14,(anonymous_0)
FNDA:0,(anonymous_1)
FNDA:0,(anonymous_2)
DA:3,14
DA:4,14
DA:5,14
DA:6,14
DA:10,0
DA:11,0
DA:13,0
DA:17,0
LF:8
LH:4
BRDA:10,0,0,0
BRDA:10,0,1,0
BRF:2
BRH:0
end_of_record
